Library/Bee/Android/Prj/Mono2x/Gradle/unityLibrary/build/intermediates/manifest_merge_blame_file/release/manifest-merger-blame-release-report.txt
1<?xml version="1.0" encoding="utf-8"?>
2<manifest xmlns:android="http://schemas.android.com/apk/res/android"
3    xmlns:tools="http://schemas.android.com/tools"
4    package="com.unity3d.player" >
5
6    <uses-sdk android:minSdkVersion="22" />
6-->src\main\AndroidManifest.xml
7
8    <uses-feature android:glEsVersion="0x00030000" />
8-->src\main\AndroidManifest.xml:18:3-52
8-->src\main\AndroidManifest.xml:18:17-49
9    <uses-feature
9-->src\main\AndroidManifest.xml:19:3-91
10        android:name="android.hardware.vulkan.version"
10-->src\main\AndroidManifest.xml:19:17-63
11        android:required="false" />
11-->src\main\AndroidManifest.xml:19:64-88
12
13    <uses-permission android:name="android.permission.INTERNET" />
13-->src\main\AndroidManifest.xml:20:3-65
13-->src\main\AndroidManifest.xml:20:20-62
14    <uses-permission android:name="android.permission.ACCESS_NETWORK_STATE" />
14-->src\main\AndroidManifest.xml:21:3-77
14-->src\main\AndroidManifest.xml:21:20-74
15    <uses-permission android:name="android.permission.RECORD_AUDIO" />
15-->src\main\AndroidManifest.xml:22:3-69
15-->src\main\AndroidManifest.xml:22:20-66
16    <uses-permission android:name="android.permission.MODIFY_AUDIO_SETTINGS" />
16-->src\main\AndroidManifest.xml:23:3-78
16-->src\main\AndroidManifest.xml:23:20-75
17    <uses-permission android:name="android.permission.BLUETOOTH" />
17-->src\main\AndroidManifest.xml:24:3-66
17-->src\main\AndroidManifest.xml:24:20-63
18
19    <uses-feature
19-->src\main\AndroidManifest.xml:25:3-87
20        android:name="android.hardware.microphone"
20-->src\main\AndroidManifest.xml:25:17-59
21        android:required="false" />
21-->src\main\AndroidManifest.xml:25:60-84
22    <uses-feature
22-->src\main\AndroidManifest.xml:26:3-88
23        android:name="android.hardware.touchscreen"
23-->src\main\AndroidManifest.xml:26:17-60
24        android:required="false" />
24-->src\main\AndroidManifest.xml:26:61-85
25    <uses-feature
25-->src\main\AndroidManifest.xml:27:3-99
26        android:name="android.hardware.touchscreen.multitouch"
26-->src\main\AndroidManifest.xml:27:17-71
27        android:required="false" />
27-->src\main\AndroidManifest.xml:27:72-96
28    <uses-feature
28-->src\main\AndroidManifest.xml:28:3-108
29        android:name="android.hardware.touchscreen.multitouch.distinct"
29-->src\main\AndroidManifest.xml:28:17-80
30        android:required="false" />
30-->src\main\AndroidManifest.xml:28:81-105
31
32    <application android:extractNativeLibs="true" >
32-->src\main\AndroidManifest.xml:3:3-17:17
32-->src\main\AndroidManifest.xml:3:16-48
33        <activity
33-->src\main\AndroidManifest.xml:4:5-11:16
34            android:name="com.unity3d.player.UnityPlayerActivity"
34-->src\main\AndroidManifest.xml:4:15-68
35            android:configChanges="mcc|mnc|locale|touchscreen|keyboard|keyboardHidden|navigation|orientation|screenLayout|uiMode|screenSize|smallestScreenSize|fontScale|layoutDirection|density"
35-->src\main\AndroidManifest.xml:4:185-366
36            android:exported="true"
36-->src\main\AndroidManifest.xml:4:438-461
37            android:hardwareAccelerated="false"
37-->src\main\AndroidManifest.xml:4:402-437
38            android:launchMode="singleTask"
38-->src\main\AndroidManifest.xml:4:153-184
39            android:resizeableActivity="false"
39-->src\main\AndroidManifest.xml:4:367-401
40            android:screenOrientation="userLandscape"
40-->src\main\AndroidManifest.xml:4:111-152
41            android:theme="@style/UnityThemeSelector" >
41-->src\main\AndroidManifest.xml:4:69-110
42            <intent-filter>
42-->src\main\AndroidManifest.xml:5:7-8:23
43                <action android:name="android.intent.action.MAIN" />
43-->src\main\AndroidManifest.xml:6:9-61
43-->src\main\AndroidManifest.xml:6:17-58
44
45                <category android:name="android.intent.category.LAUNCHER" />
45-->src\main\AndroidManifest.xml:7:9-69
45-->src\main\AndroidManifest.xml:7:19-66
46            </intent-filter>
47
48            <meta-data
48-->src\main\AndroidManifest.xml:9:7-82
49                android:name="unityplayer.UnityActivity"
49-->src\main\AndroidManifest.xml:9:18-58
50                android:value="true" />
50-->src\main\AndroidManifest.xml:9:59-79
51            <meta-data
51-->src\main\AndroidManifest.xml:10:7-78
52                android:name="android.notch_support"
52-->src\main\AndroidManifest.xml:10:18-54
53                android:value="true" />
53-->src\main\AndroidManifest.xml:10:55-75
54        </activity>
55
56        <meta-data
56-->src\main\AndroidManifest.xml:12:5-69
57            android:name="unity.splash-mode"
57-->src\main\AndroidManifest.xml:12:16-48
58            android:value="0" />
58-->src\main\AndroidManifest.xml:12:49-66
59        <meta-data
59-->src\main\AndroidManifest.xml:13:5-74
60            android:name="unity.splash-enable"
60-->src\main\AndroidManifest.xml:13:16-50
61            android:value="True" />
61-->src\main\AndroidManifest.xml:13:51-71
62        <meta-data
62-->src\main\AndroidManifest.xml:14:5-78
63            android:name="unity.launch-fullscreen"
63-->src\main\AndroidManifest.xml:14:16-54
64            android:value="True" />
64-->src\main\AndroidManifest.xml:14:55-75
65        <meta-data
65-->src\main\AndroidManifest.xml:15:5-81
66            android:name="notch.config"
66-->src\main\AndroidManifest.xml:15:16-43
67            android:value="portrait|landscape" />
67-->src\main\AndroidManifest.xml:15:44-78
68        <meta-data
68-->src\main\AndroidManifest.xml:16:5-84
69            android:name="unity.auto-report-fully-drawn"
69-->src\main\AndroidManifest.xml:16:16-60
70            android:value="true" />
70-->src\main\AndroidManifest.xml:16:61-81
71    </application>
72
73</manifest>